<?xml version="1.0" encoding="UTF-8"?>
<testsuite name="com.example.rickandmorty.ui.viewmodel.DashboardViewModelTest" tests="1" skipped="0" failures="0" errors="0" timestamp="2026-03-22T23:42:01" hostname="VIVOBOOKASUSLAP" time="1.563">
  <properties/>
  <testcase name="cuando el repositorio entrega datos, el estado cambia a Success" classname="com.example.rickandmorty.ui.viewmodel.DashboardViewModelTest" time="1.563"/>
  <system-out><![CDATA[]]></system-out>
  <system-err><![CDATA[WARNING: A Java agent has been loaded dynamically (C:\Users\usuario\.gradle\caches\modules-2\files-2.1\net.bytebuddy\byte-buddy-agent\1.14.10\90ed94ac044ea8953b224304c762316e91fd6b31\byte-buddy-agent-1.14.10.jar)
WARNING: If a serviceability tool is in use, please run with -XX:+EnableDynamicAgentLoading to hide this warning
WARNING: If a serviceability tool is not in use, please run with -Djdk.instrument.traceUsage for more information
WARNING: Dynamic loading of agents will be disallowed by default in a future release
]]></system-err>
</testsuite>
